<?xml version="1.0" encoding="UTF-8"?>
<testng-results ignored="0" total="1" passed="1" failed="0" skipped="0">
  <reporter-output>
  </reporter-output>
  <suite started-at="2023-04-14T01:17:51 IST" name="Command line suite" finished-at="2023-04-14T01:18:00 IST" duration-ms="8294">
    <groups>
    </groups>
    <test started-at="2023-04-14T01:17:51 IST" name="Command line test" finished-at="2023-04-14T01:18:00 IST" duration-ms="8294">
      <class name="webtest.webtest">
        <test-method signature="Browser2()[pri:0, instance:webtest.webtest@33723e30]" started-at="2023-04-14T01:17:52 IST" name="Browser2" finished-at="2023-04-14T01:18:00 IST" duration-ms="8222" status="PASS">
          <reporter-output>
          </reporter-output>
        </test-method> <!-- Browser2 -->
      </class> <!-- webtest.webtest -->
    </test> <!-- Command line test -->
  </suite> <!-- Command line suite -->
</testng-results>
